This file contains any messages produced by compilers while
running configure, to aid debugging if configure makes a mistake.

It was created by Sci fair 2014 ZJS configure 1.0.0, which was
generated by GNU Autoconf 2.69.  Invocation command line was

  $ ./configure 

## --------- ##
## Platform. ##
## --------- ##

hostname = znet-Satellite-C650D
uname -m = x86_64
uname -r = 3.13.0-32-generic
uname -s = Linux
uname -v = #57-Ubuntu SMP Tue Jul 15 03:51:08 UTC 2014

/usr/bin/uname -p = unknown
/bin/uname -X     = unknown

/bin/arch              = unknown
/usr/bin/arch -k       = unknown
/usr/convex/getsysinfo = unknown
/usr/bin/hostinfo      = unknown
/bin/machine           = unknown
/usr/bin/oslevel       = unknown
/bin/universe          = unknown

PATH: /usr/local/sbin
PATH: /usr/local/bin
PATH: /usr/sbin
PATH: /usr/bin
PATH: /sbin
PATH: /bin


## ----------- ##
## Core tests. ##
## ----------- ##

configure:1834: checking for gcc
configure:1850: found /usr/local/bin/gcc
configure:1861: result: gcc
configure:2090: checking for C compiler version
configure:2099: gcc --version >&5
gcc (GCC) 4.8.1
Copyright (C) 2013 Free Software Foundation, Inc.
This is free software; see the source for copying conditions.  There is NO
warranty; not even for MERCHANTABILITY or FITNESS FOR A PARTICULAR PURPOSE.

configure:2110: $? = 0
configure:2099: gcc -v >&5
Using built-in specs.
COLLECT_GCC=gcc
COLLECT_LTO_WRAPPER=/usr/local/libexec/gcc/x86_64-unknown-linux-gnu/4.8.1/lto-wrapper
Target: x86_64-unknown-linux-gnu
Configured with: ../configure --prefix=/usr/local --enable-languages=c,c++,objc,obj-c++
Thread model: posix
gcc version 4.8.1 (GCC) 
configure:2110: $? = 0
configure:2099: gcc -V >&5
gcc: error: unrecognized command line option '-V'
gcc: fatal error: no input files
compilation terminated.
configure:2110: $? = 1
configure:2099: gcc -qversion >&5
gcc: error: unrecognized command line option '-qversion'
gcc: fatal error: no input files
compilation terminated.
configure:2110: $? = 1
configure:2130: checking whether the C compiler works
configure:2152: gcc    conftest.c  >&5
configure:2156: $? = 0
configure:2204: result: yes
configure:2207: checking for C compiler default output file name
configure:2209: result: a.out
configure:2215: checking for suffix of executables
configure:2222: gcc -o conftest    conftest.c  >&5
configure:2226: $? = 0
configure:2248: result: 
configure:2270: checking whether we are cross compiling
configure:2278: gcc -o conftest    conftest.c  >&5
configure:2282: $? = 0
configure:2289: ./conftest
configure:2293: $? = 0
configure:2308: result: no
configure:2313: checking for suffix of object files
configure:2335: gcc -c   conftest.c >&5
configure:2339: $? = 0
configure:2360: result: o
configure:2364: checking whether we are using the GNU C compiler
configure:2383: gcc -c   conftest.c >&5
configure:2383: $? = 0
configure:2392: result: yes
configure:2401: checking whether gcc accepts -g
configure:2421: gcc -c -g  conftest.c >&5
configure:2421: $? = 0
configure:2462: result: yes
configure:2479: checking for gcc option to accept ISO C89
configure:2542: gcc  -c -g -O2  conftest.c >&5
configure:2542: $? = 0
configure:2555: result: none needed
configure:2583: checking whether gcc understands -c and -o together
configure:2605: gcc -c conftest.c -o conftest2.o
configure:2608: $? = 0
configure:2605: gcc -c conftest.c -o conftest2.o
configure:2608: $? = 0
configure:2620: result: yes
configure:2682: checking for a BSD-compatible install
configure:2750: result: /usr/bin/install -c
configure:2761: checking whether build environment is sane
configure:2816: result: yes
configure:2851: WARNING: 'missing' script is too old or missing
configure:2964: checking for a thread-safe mkdir -p
configure:3003: result: /bin/mkdir -p
configure:3010: checking for gawk
configure:3026: found /usr/bin/gawk
configure:3037: result: gawk
configure:3048: checking whether make sets $(MAKE)
configure:3070: result: yes
configure:3100: checking for style of include used by make
configure:3128: result: GNU
configure:3162: checking whether make supports nested variables
configure:3179: result: yes
configure:3264: checking dependency style of gcc
configure:3375: result: gcc3
configure:3579: checking that generated files are newer than configure
configure:3585: result: done
configure:3608: creating ./config.status

## ---------------------- ##
## Running config.status. ##
## ---------------------- ##

This file was extended by Sci fair 2014 ZJS config.status 1.0.0, which was
generated by GNU Autoconf 2.69.  Invocation command line was

  CONFIG_FILES    = 
  CONFIG_HEADERS  = 
  CONFIG_LINKS    = 
  CONFIG_COMMANDS = 
  $ ./config.status 

on znet-Satellite-C650D

config.status:772: creating Makefile
config.status:944: executing depfiles commands

## ---------------- ##
## Cache variables. ##
## ---------------- ##

ac_cv_c_compiler_gnu=yes
ac_cv_env_CC_set=
ac_cv_env_CC_value=
ac_cv_env_CFLAGS_set=
ac_cv_env_CFLAGS_value=
ac_cv_env_CPPFLAGS_set=
ac_cv_env_CPPFLAGS_value=
ac_cv_env_LDFLAGS_set=
ac_cv_env_LDFLAGS_value=
ac_cv_env_LIBS_set=
ac_cv_env_LIBS_value=
ac_cv_env_build_alias_set=
ac_cv_env_build_alias_value=
ac_cv_env_host_alias_set=
ac_cv_env_host_alias_value=
ac_cv_env_target_alias_set=
ac_cv_env_target_alias_value=
ac_cv_objext=o
ac_cv_path_install='/usr/bin/install -c'
ac_cv_path_mkdir=/bin/mkdir
ac_cv_prog_AWK=gawk
ac_cv_prog_ac_ct_CC=gcc
ac_cv_prog_cc_c89=
ac_cv_prog_cc_g=yes
ac_cv_prog_make_make_set=yes
am_cv_CC_dependencies_compiler_type=gcc3
am_cv_make_support_nested_variables=yes
am_cv_prog_cc_c_o=yes

## ----------------- ##
## Output variables. ##
## ----------------- ##

ACLOCAL='aclocal-1.14'
AMDEPBACKSLASH='\'
AMDEP_FALSE='#'
AMDEP_TRUE=''
AMTAR='$${TAR-tar}'
AM_BACKSLASH='\'
AM_DEFAULT_V='$(AM_DEFAULT_VERBOSITY)'
AM_DEFAULT_VERBOSITY='1'
AM_V='$(V)'
AUTOCONF='autoconf'
AUTOHEADER='autoheader'
AUTOMAKE='automake-1.14'
AWK='gawk'
CC='gcc'
CCDEPMODE='depmode=gcc3'
CFLAGS='-g -O2'
CPPFLAGS=''
CYGPATH_W='echo'
DEFS='-DPACKAGE_NAME=\"Sci\ fair\ 2014\ ZJS\" -DPACKAGE_TARNAME=\"sci-fair-2014-zjs\" -DPACKAGE_VERSION=\"1.0.0\" -DPACKAGE_STRING=\"Sci\ fair\ 2014\ ZJS\ 1.0.0\" -DPACKAGE_BUGREPORT=\"Znet\" -DPACKAGE_URL=\"\" -DPACKAGE=\"sci-fair-2014-zjs\" -DVERSION=\"1.0.0\"'
DEPDIR='.deps'
ECHO_C=''
ECHO_N='-n'
ECHO_T=''
EXEEXT=''
INSTALL_DATA='${INSTALL} -m 644'
INSTALL_PROGRAM='${INSTALL}'
INSTALL_SCRIPT='${INSTALL}'
INSTALL_STRIP_PROGRAM='$(install_sh) -c -s'
LDFLAGS=''
LIBOBJS=''
LIBS=''
LTLIBOBJS=''
MAKEINFO='makeinfo'
MKDIR_P='/bin/mkdir -p'
OBJEXT='o'
PACKAGE='sci-fair-2014-zjs'
PACKAGE_BUGREPORT='Znet'
PACKAGE_NAME='Sci fair 2014 ZJS'
PACKAGE_STRING='Sci fair 2014 ZJS 1.0.0'
PACKAGE_TARNAME='sci-fair-2014-zjs'
PACKAGE_URL=''
PACKAGE_VERSION='1.0.0'
PATH_SEPARATOR=':'
SET_MAKE=''
SHELL='/bin/bash'
STRIP=''
VERSION='1.0.0'
ac_ct_CC='gcc'
am__EXEEXT_FALSE=''
am__EXEEXT_TRUE='#'
am__fastdepCC_FALSE='#'
am__fastdepCC_TRUE=''
am__include='include'
am__isrc=''
am__leading_dot='.'
am__nodep='_no'
am__quote=''
am__tar='$${TAR-tar} chof - "$$tardir"'
am__untar='$${TAR-tar} xf -'
bindir='${exec_prefix}/bin'
build_alias=''
datadir='${datarootdir}'
datarootdir='${prefix}/share'
docdir='${datarootdir}/doc/${PACKAGE_TARNAME}'
dvidir='${docdir}'
exec_prefix='${prefix}'
host_alias=''
htmldir='${docdir}'
includedir='${prefix}/include'
infodir='${datarootdir}/info'
install_sh='${SHELL} /home/znet/install-sh'
libdir='${exec_prefix}/lib'
libexecdir='${exec_prefix}/libexec'
localedir='${datarootdir}/locale'
localstatedir='${prefix}/var'
mandir='${datarootdir}/man'
mkdir_p='$(MKDIR_P)'
oldincludedir='/usr/include'
pdfdir='${docdir}'
prefix='/usr/local'
program_transform_name='s,x,x,'
psdir='${docdir}'
sbindir='${exec_prefix}/sbin'
sharedstatedir='${prefix}/com'
sysconfdir='${prefix}/etc'
target_alias=''

## ----------- ##
## confdefs.h. ##
## ----------- ##

/* confdefs.h */
#define PACKAGE_NAME "Sci fair 2014 ZJS"
#define PACKAGE_TARNAME "sci-fair-2014-zjs"
#define PACKAGE_VERSION "1.0.0"
#define PACKAGE_STRING "Sci fair 2014 ZJS 1.0.0"
#define PACKAGE_BUGREPORT "Znet"
#define PACKAGE_URL ""
#define PACKAGE "sci-fair-2014-zjs"
#define VERSION "1.0.0"

configure: exit 0
